Removed Member From Class: ClassName=Main Member=U?
Added Component: Designator=AMS1117_?(AMS1117)
Add component. Clean all parameters for all variants
Add component (AddParameter): Name = "ComponentLink1Description"; Value = "Manufacturer Link"; VariantName = "[No Variations]"
Add component (AddParameter): Name = "ComponentLink1URL"; Value = "http://www.ti.com/"; VariantName = "[No Variations]"
Add component (AddParameter): Name = "ComponentLink2Description"; Value = "Datasheet"; VariantName = "[No Variations]"
Add component (AddParameter): Name = "ComponentLink2URL"; Value = "http://www-s.ti.com/sc/ds/REG1117.pdf"; VariantName = "[No Variations]"
Add component (AddParameter): Name = "DatasheetVersion"; Value = "Sep-1997"; VariantName = "[No Variations]"
Add component (AddParameter): Name = "LatestRevisionDate"; Value = "17-Jul-2002"; VariantName = "[No Variations]"
Add component (AddParameter): Name = "LatestRevisionNote"; Value = "Re-released for DXP Platform."; VariantName = "[No Variations]"
Add component (AddParameter): Name = "PackageDescription"; Value = "SOT-223/SC-73; 4 Leads; Body 6.7 x 7.3 mm, inc. leads (LxW max)"; VariantName = "[No Variations]"
Add component (AddParameter): Name = "PackageReference"; Value = "ZZ311"; VariantName = "[No Variations]"
Add component (AddParameter): Name = "PackageVersion"; Value = "revC"; VariantName = "[No Variations]"
Add component (AddParameter): Name = "Published"; Value = "8-Jun-2000"; VariantName = "[No Variations]"
Add component (AddParameter): Name = "Publisher"; Value = "Altium Limited"; VariantName = "[No Variations]"
Added Component: Designator=BAT?(CHARGER)
Add component. Clean all parameters for all variants
Add component (AddParameter): Name = "LatestRevisionDate"; Value = "17-Jul-2002"; VariantName = "[No Variations]"
Add component (AddParameter): Name = "LatestRevisionNote"; Value = "Re-released for DXP Platform."; VariantName = "[No Variations]"
Add component (AddParameter): Name = "PackageDescription"; Value = "Battery; 2 Leads"; VariantName = "[No Variations]"
Add component (AddParameter): Name = "PackageReference"; Value = "BAT-2"; VariantName = "[No Variations]"
Add component (AddParameter): Name = "Published"; Value = "24-Mar-1999"; VariantName = "[No Variations]"
Add component (AddParameter): Name = "Publisher"; Value = "Altium Limited"; VariantName = "[No Variations]"
Added Component: Designator=C?(C0805)
Add component. Clean all parameters for all variants
Add component (AddParameter): Name = "LatestRevisionDate"; Value = "17-Jul-2002"; VariantName = "[No Variations]"
Add component (AddParameter): Name = "LatestRevisionNote"; Value = "Re-released for DXP Platform."; VariantName = "[No Variations]"
Add component (AddParameter): Name = "PackageDescription"; Value = "Radial Cap, Thru-Hole; 2 Leads; 0.3 in Pin Spacing"; VariantName = "[No Variations]"
Add component (AddParameter): Name = "PackageReference"; Value = "RAD-0.3"; VariantName = "[No Variations]"
Add component (AddParameter): Name = "Published"; Value = "8-Jun-2000"; VariantName = "[No Variations]"
Add component (AddParameter): Name = "Publisher"; Value = "Altium Limited"; VariantName = "[No Variations]"
Added Component: Designator=C?(C0805)
Add component. Clean all parameters for all variants
Add component (AddParameter): Name = "LatestRevisionDate"; Value = "17-Jul-2002"; VariantName = "[No Variations]"
Add component (AddParameter): Name = "LatestRevisionNote"; Value = "Re-released for DXP Platform."; VariantName = "[No Variations]"
Add component (AddParameter): Name = "PackageDescription"; Value = "Radial Cap, Thru-Hole; 2 Leads; 0.3 in Pin Spacing"; VariantName = "[No Variations]"
Add component (AddParameter): Name = "PackageReference"; Value = "RAD-0.3"; VariantName = "[No Variations]"
Add component (AddParameter): Name = "Published"; Value = "8-Jun-2000"; VariantName = "[No Variations]"
Add component (AddParameter): Name = "Publisher"; Value = "Altium Limited"; VariantName = "[No Variations]"
Added Component: Designator=ESP32-WROOM-32D?(ESP32WROOM32D)
Add component. Clean all parameters for all variants
Add component (AddParameter): Name = "LatestRevisionDate"; Value = "17-Jul-2002"; VariantName = "[No Variations]"
Add component (AddParameter): Name = "LatestRevisionNote"; Value = "Re-released for DXP Platform."; VariantName = "[No Variations]"
Add component (AddParameter): Name = "Publisher"; Value = "Altium Limited"; VariantName = "[No Variations]"
Added Component: Designator=IC?(ADS1256IDBR)
Add component. Clean all parameters for all variants
Add component (AddParameter): Name = "Datasheet Link"; Value = "http://www.ti.com/lit/gpn/ads1256"; VariantName = "[No Variations]"
Add component (AddParameter): Name = "Height"; Value = "2mm"; VariantName = "[No Variations]"
Add component (AddParameter): Name = "Manufacturer_Name"; Value = "Texas Instruments"; VariantName = "[No Variations]"
Add component (AddParameter): Name = "Manufacturer_Part_Number"; Value = "ADS1256IDBR"; VariantName = "[No Variations]"
Add component (AddParameter): Name = "Mouser Part Number"; Value = "595-ADS1256IDBR"; VariantName = "[No Variations]"
Add component (AddParameter): Name = "Mouser Price/Stock"; Value = "https://www.mouser.com/Search/Refine.aspx?Keyword=595-ADS1256IDBR"; VariantName = "[No Variations]"
Add component (AddParameter): Name = "RS Part Number"; Value = ""; VariantName = "[No Variations]"
Add component (AddParameter): Name = "RS Price/Stock"; Value = ""; VariantName = "[No Variations]"
Added Component: Designator=P?(4P)
Add component. Clean all parameters for all variants
Add component (AddParameter): Name = "LatestRevisionDate"; Value = "17-Jul-2002"; VariantName = "[No Variations]"
Add component (AddParameter): Name = "LatestRevisionNote"; Value = "Re-released for DXP Platform."; VariantName = "[No Variations]"
Add component (AddParameter): Name = "Publisher"; Value = "Altium Limited"; VariantName = "[No Variations]"
Added Component: Designator=P?(3P)
Add component. Clean all parameters for all variants
Add component (AddParameter): Name = "LatestRevisionDate"; Value = "17-Jul-2002"; VariantName = "[No Variations]"
Add component (AddParameter): Name = "LatestRevisionNote"; Value = "Re-released for DXP Platform."; VariantName = "[No Variations]"
Add component (AddParameter): Name = "Publisher"; Value = "Altium Limited"; VariantName = "[No Variations]"
Added Component: Designator=REF3025_?(REF3025_SOT23)
Add component. Clean all parameters for all variants
Added Pin To Net: NetName=+5 Pin=AMS1117_?-3
Added Pin To Net: NetName=+5 Pin=IC?-1
Added Pin To Net: NetName=+5 Pin=P?-2
Added Net: Name=+5
Added Pin To Net: NetName=2V5 Pin=C?-1
Added Pin To Net: NetName=2V5 Pin=IC?-4
Added Pin To Net: NetName=2V5 Pin=REF3025_?-OUT
Added Net: Name=2V5
Added Pin To Net: NetName=3V3 Pin=AMS1117_?-2
Added Pin To Net: NetName=3V3 Pin=AMS1117_?-4
Added Pin To Net: NetName=3V3 Pin=C?-2
Added Pin To Net: NetName=3V3 Pin=ESP32-WROOM-32D?-2
Added Pin To Net: NetName=3V3 Pin=ESP32-WROOM-32D?-3
Added Pin To Net: NetName=3V3 Pin=IC?-16
Added Pin To Net: NetName=3V3 Pin=REF3025_?-IN
Added Net: Name=3V3
Added Pin To Net: NetName=GND Pin=AMS1117_?-1
Added Pin To Net: NetName=GND Pin=BAT?-GND
Added Pin To Net: NetName=GND Pin=C?-1
Added Pin To Net: NetName=GND Pin=C?-2
Added Pin To Net: NetName=GND Pin=ESP32-WROOM-32D?-15
Added Pin To Net: NetName=GND Pin=IC?-2
Added Pin To Net: NetName=GND Pin=IC?-3
Added Pin To Net: NetName=GND Pin=IC?-17
Added Pin To Net: NetName=GND Pin=P?-3
Added Pin To Net: NetName=GND Pin=REF3025_?-GND
Added Net: Name=GND
Added Pin To Net: NetName=NetBAT?_VOUT Pin=BAT?-VOUT
Added Pin To Net: NetName=NetBAT?_VOUT Pin=P?-3
Added Net: Name=NetBAT?_VOUT
Added Pin To Net: NetName=NetESP32-WROOM-32D?_1 Pin=ESP32-WROOM-32D?-1
Added Pin To Net: NetName=NetESP32-WROOM-32D?_1 Pin=ESP32-WROOM-32D?-38
Added Net: Name=NetESP32-WROOM-32D?_1
Added Pin To Net: NetName=NetESP32-WROOM-32D?_8 Pin=ESP32-WROOM-32D?-8
Added Pin To Net: NetName=NetESP32-WROOM-32D?_8 Pin=IC?-21
Added Net: Name=NetESP32-WROOM-32D?_8
Added Pin To Net: NetName=NetESP32-WROOM-32D?_9 Pin=ESP32-WROOM-32D?-9
Added Pin To Net: NetName=NetESP32-WROOM-32D?_9 Pin=IC?-20
Added Net: Name=NetESP32-WROOM-32D?_9
Added Pin To Net: NetName=NetESP32-WROOM-32D?_10 Pin=ESP32-WROOM-32D?-10
Added Pin To Net: NetName=NetESP32-WROOM-32D?_10 Pin=IC?-19
Added Net: Name=NetESP32-WROOM-32D?_10
Added Pin To Net: NetName=NetESP32-WROOM-32D?_11 Pin=ESP32-WROOM-32D?-11
Added Pin To Net: NetName=NetESP32-WROOM-32D?_11 Pin=IC?-15
Added Net: Name=NetESP32-WROOM-32D?_11
Added Pin To Net: NetName=NetESP32-WROOM-32D?_12 Pin=ESP32-WROOM-32D?-12
Added Pin To Net: NetName=NetESP32-WROOM-32D?_12 Pin=IC?-14
Added Net: Name=NetESP32-WROOM-32D?_12
Added Pin To Net: NetName=NetESP32-WROOM-32D?_13 Pin=ESP32-WROOM-32D?-13
Added Pin To Net: NetName=NetESP32-WROOM-32D?_13 Pin=IC?-24
Added Net: Name=NetESP32-WROOM-32D?_13
Added Pin To Net: NetName=NetESP32-WROOM-32D?_14 Pin=ESP32-WROOM-32D?-14
Added Pin To Net: NetName=NetESP32-WROOM-32D?_14 Pin=IC?-22
Added Net: Name=NetESP32-WROOM-32D?_14
Added Pin To Net: NetName=NetESP32-WROOM-32D?_16 Pin=ESP32-WROOM-32D?-16
Added Pin To Net: NetName=NetESP32-WROOM-32D?_16 Pin=IC?-23
Added Net: Name=NetESP32-WROOM-32D?_16
Added Pin To Net: NetName=NetESP32-WROOM-32D?_25 Pin=ESP32-WROOM-32D?-25
Added Pin To Net: NetName=NetESP32-WROOM-32D?_25 Pin=P?-4
Added Net: Name=NetESP32-WROOM-32D?_25
Added Pin To Net: NetName=NetESP32-WROOM-32D?_34 Pin=ESP32-WROOM-32D?-34
Added Pin To Net: NetName=NetESP32-WROOM-32D?_34 Pin=P?-2
Added Net: Name=NetESP32-WROOM-32D?_34
Added Pin To Net: NetName=NetESP32-WROOM-32D?_35 Pin=ESP32-WROOM-32D?-35
Added Pin To Net: NetName=NetESP32-WROOM-32D?_35 Pin=P?-1
Added Net: Name=NetESP32-WROOM-32D?_35
Added Member To Class: ClassName=Main Member=Component AMS1117_? AMS1117
Added Member To Class: ClassName=Main Member=Component BAT? BAT
Added Member To Class: ClassName=Main Member=Component C? C
Added Member To Class: ClassName=Main Member=Component C? C
Added Member To Class: ClassName=Main Member=Component ESP32-WROOM-32D? ESP32-WROOM-32D
Added Member To Class: ClassName=Main Member=Component IC? ADS1256IDBR
Added Member To Class: ClassName=Main Member=Component P? Header 4
Added Member To Class: ClassName=Main Member=Component P? Header 3
Added Member To Class: ClassName=Main Member=Component REF3025_? REF3025
